# JRE version: Java(TM) SE Runtime Environment (17.0.9+11) (build 17.0.9+11-LTS-201)
# Java VM: Java HotSpot(TM) 64-Bit Server VM (17.0.9+11-LTS-201, mixed mode, sharing, tiered, compressed oops, compressed class ptrs, g1 gc, windows-amd64)
GC Precious Log:
 CPUs: 8 total, 8 available
 Memory: 7932M
 Large Page Support: Disabled
 NUMA Support: Disabled
 Compressed Oops: Enabled (32-bit)
 Heap Region Size: 1M
 Heap Min Capacity: 8M
 Heap Initial Capacity: 124M
 Heap Max Capacity: 2G
 Pre-touch: Disabled
 Parallel Workers: 8
 Concurrent Workers: 2
 Concurrent Refinement Workers: 8
 Periodic GC: Disabled
Heap:
 garbage-first heap   total 478208K, used 349474K [0x0000000080000000, 0x0000000100000000)
  region size 1024K, 201 young (205824K), 18 survivors (18432K)
 Metaspace       used 112936K, committed 113984K, reserved 557056K
  class space    used 15444K, committed 15936K, reserved 425984K
GC Heap History (20 events):
Event: 56.037 GC heap before
{Heap before GC invocations=53 (full 0):
 garbage-first heap   total 258048K, used 145635K [0x0000000080000000, 0x0000000100000000)
  region size 1024K, 12 young (12288K), 3 survivors (3072K)
 Metaspace       used 99086K, committed 99968K, reserved 557056K
  class space    used 13866K, committed 14272K, reserved 425984K
}
Event: 56.040 GC heap after
{Heap after GC invocations=54 (full 0):
 garbage-first heap   total 258048K, used 136199K [0x0000000080000000, 0x0000000100000000)
  region size 1024K, 2 young (2048K), 2 survivors (2048K)
 Metaspace       used 99086K, committed 99968K, reserved 557056K
  class space    used 13866K, committed 14272K, reserved 425984K
}
Event: 62.099 GC heap before
{Heap before GC invocations=54 (full 0):
 garbage-first heap   total 258048K, used 203783K [0x0000000080000000, 0x0000000100000000)
  region size 1024K, 68 young (69632K), 2 survivors (2048K)
 Metaspace       used 103197K, committed 104128K, reserved 557056K
  class space    used 14284K, committed 14720K, reserved 425984K
}
Event: 62.107 GC heap after
{Heap after GC invocations=55 (full 0):
 garbage-first heap   total 516096K, used 139769K [0x0000000080000000, 0x0000000100000000)
  region size 1024K, 5 young (5120K), 5 survivors (5120K)
 Metaspace       used 103197K, committed 104128K, reserved 557056K
  class space    used 14284K, committed 14720K, reserved 425984K
}
Event: 94.254 GC heap before
{Heap before GC invocations=56 (full 0):
 garbage-first heap   total 478208K, used 358905K [0x0000000080000000, 0x0000000100000000)
  region size 1024K, 219 young (224256K), 5 survivors (5120K)
 Metaspace       used 104066K, committed 104960K, reserved 557056K
  class space    used 14315K, committed 14720K, reserved 425984K
}
Event: 94.281 GC heap after
{Heap after GC invocations=57 (full 0):
 garbage-first heap   total 478208K, used 143962K [0x0000000080000000, 0x0000000100000000)
  region size 1024K, 8 young (8192K), 8 survivors (8192K)
 Metaspace       used 104066K, committed 104960K, reserved 557056K
  class space    used 14315K, committed 14720K, reserved 425984K
}
Event: 94.424 GC heap before
{Heap before GC invocations=57 (full 0):
 garbage-first heap   total 478208K, used 158298K [0x0000000080000000, 0x0000000100000000)
  region size 1024K, 23 young (23552K), 8 survivors (8192K)
 Metaspace       used 104066K, committed 104960K, reserved 557056K
  class space    used 14315K, committed 14720K, reserved 425984K
}
Event: 94.489 GC heap after
{Heap after GC invocations=58 (full 0):
 garbage-first heap   total 478208K, used 144872K [0x0000000080000000, 0x0000000100000000)
  region size 1024K, 2 young (2048K), 2 survivors (2048K)
 Metaspace       used 104066K, committed 104960K, reserved 557056K
  class space    used 14315K, committed 14720K, reserved 425984K
}
Event: 96.530 GC heap before
{Heap before GC invocations=58 (full 0):
 garbage-first heap   total 478208K, used 390632K [0x0000000080000000, 0x0000000100000000)
  region size 1024K, 243 young (248832K), 2 survivors (2048K)
 Metaspace       used 104143K, committed 105088K, reserved 557056K
  class space    used 14315K, committed 14720K, reserved 425984K
}
Event: 96.534 GC heap after
{Heap after GC invocations=59 (full 0):
 garbage-first heap   total 478208K, used 144719K [0x0000000080000000, 0x0000000100000000)
  region size 1024K, 2 young (2048K), 2 survivors (2048K)
 Metaspace       used 104143K, committed 105088K, reserved 557056K
  class space    used 14315K, committed 14720K, reserved 425984K
}
Event: 97.840 GC heap before
{Heap before GC invocations=59 (full 0):
 garbage-first heap   total 478208K, used 403791K [0x0000000080000000, 0x0000000100000000)
  region size 1024K, 256 young (262144K), 2 survivors (2048K)
 Metaspace       used 104155K, committed 105088K, reserved 557056K
  class space    used 14315K, committed 14720K, reserved 425984K
}
Event: 97.846 GC heap after
{Heap after GC invocations=60 (full 0):
 garbage-first heap   total 478208K, used 145886K [0x0000000080000000, 0x0000000100000000)
  region size 1024K, 3 young (3072K), 3 survivors (3072K)
 Metaspace       used 104155K, committed 105088K, reserved 557056K
  class space    used 14315K, committed 14720K, reserved 425984K
}
Event: 99.132 GC heap before
{Heap before GC invocations=60 (full 0):
 garbage-first heap   total 478208K, used 410078K [0x0000000080000000, 0x0000000100000000)
  region size 1024K, 261 young (267264K), 3 survivors (3072K)
 Metaspace       used 104155K, committed 105088K, reserved 557056K
  class space    used 14315K, committed 14720K, reserved 425984K
}
Event: 99.141 GC heap after
{Heap after GC invocations=61 (full 0):
 garbage-first heap   total 478208K, used 147196K [0x0000000080000000, 0x0000000100000000)
  region size 1024K, 5 young (5120K), 5 survivors (5120K)
 Metaspace       used 104155K, committed 105088K, reserved 557056K
  class space    used 14315K, committed 14720K, reserved 425984K
}
Event: 100.598 GC heap before
{Heap before GC invocations=62 (full 0):
 garbage-first heap   total 478208K, used 413436K [0x0000000080000000, 0x0000000100000000)
  region size 1024K, 264 young (270336K), 5 survivors (5120K)
 Metaspace       used 104182K, committed 105088K, reserved 557056K
  class space    used 14318K, committed 14720K, reserved 425984K
}
Event: 100.602 GC heap after
{Heap after GC invocations=63 (full 0):
 garbage-first heap   total 478208K, used 143738K [0x0000000080000000, 0x0000000100000000)
  region size 1024K, 1 young (1024K), 1 survivors (1024K)
 Metaspace       used 104182K, committed 105088K, reserved 557056K
  class space    used 14318K, committed 14720K, reserved 425984K
}
Event: 100.807 GC heap before
{Heap before GC invocations=63 (full 0):
 garbage-first heap   total 478208K, used 166266K [0x0000000080000000, 0x0000000100000000)
  region size 1024K, 23 young (23552K), 1 survivors (1024K)
 Metaspace       used 104182K, committed 105088K, reserved 557056K
  class space    used 14318K, committed 14720K, reserved 425984K
}
Event: 100.811 GC heap after
{Heap after GC invocations=64 (full 0):
 garbage-first heap   total 478208K, used 143207K [0x0000000080000000, 0x0000000100000000)
  region size 1024K, 1 young (1024K), 1 survivors (1024K)
 Metaspace       used 104182K, committed 105088K, reserved 557056K
  class space    used 14318K, committed 14720K, reserved 425984K
}
Event: 106.130 GC heap before
{Heap before GC invocations=64 (full 0):
 garbage-first heap   total 478208K, used 421735K [0x0000000080000000, 0x0000000100000000)
  region size 1024K, 269 young (275456K), 1 survivors (1024K)
 Metaspace       used 105415K, committed 106432K, reserved 557056K
  class space    used 14443K, committed 14912K, reserved 425984K
}
Event: 106.185 GC heap after
{Heap after GC invocations=65 (full 0):
 garbage-first heap   total 478208K, used 163106K [0x0000000080000000, 0x0000000100000000)
  region size 1024K, 18 young (18432K), 18 survivors (18432K)
 Metaspace       used 105415K, committed 106432K, reserved 557056K
  class space    used 14443K, committed 14912K, reserved 425984K
}

